<!DOCTYPE html PUBLIC "-//W3C//DTD XHTML 1.1//EN" "http://www.w3.org/TR/xhtml11/DTD/xhtml11.dtd">
<html xmlns="http://www.w3.org/1999/xhtml">
<head>
<title>TestNG Report</title>
<style type="text/css">
table {margin-bottom:10px;border-collapse:collapse;empty-cells:show}
td,th {border:1px solid #009;padding:.25em .5em}
.result th {vertical-align:bottom}
.param th {padding-left:1em;padding-right:1em}
.param td {padding-left:.5em;padding-right:2em}
.stripe td,.stripe th {background-color: #E6EBF9}
.numi,.numi_attn {text-align:right}
.total td {font-weight:bold}
.passedodd td {background-color: #0A0}
.passedeven td {background-color: #3F3}
.skippedodd td {background-color: #CCC}
.skippedodd td {background-color: #DDD}
.failedodd td,.numi_attn {background-color: #F33}
.failedeven td,.stripe .numi_attn {background-color: #D00}
.stacktrace {white-space:pre;font-family:monospace}
.totop {font-size:85%;text-align:center;border-bottom:2px solid #000}
</style>
</head>
<body>
<table cellspacing="0" cellpadding="0" class="testOverview">
<tr><th>Test</th><th>Methods<br/>Passed</th><th>Scenarios<br/>Passed</th><th># skipped</th><th># failed</th><th>Total<br/>Time</th><th>Included<br/>Groups</th><th>Excluded<br/>Groups</th></tr>
<tr><td style="text-align:left;padding-right:2em"><a href="#t1">application test cases</a></td><td class="numi">5</td><td class="numi">5</td><td class="numi">0</td><td class="numi_attn">2</td><td class="numi">93.8 seconds</td><td class="numi"></td><td class="numi"></td></tr>
</table>
<table cellspacing="0" cellpadding="0" class="methodOverview" id="summary">
<tr><th>Class</th><th>Method</th><th># of<br/>Scenarios</th><th>Start</th><th>Time<br/>(ms)</th></tr>
<tr id="t1"><th colspan="5">application test cases &#8212; failed</th></tr>
<tr class="failedodd"><td rowspan="2">com.edubridge.test.HomePageTest</td><td><a href="#m1"><b>VerifyCalendarPage</b>  </a></td><td class="numi">1</td><td>1692859241519</td><td class="numi">1158</td></tr><tr class="failedodd"><td><a href="#m2"><b>VerifyCoursePage</b>  </a></td><td class="numi">1</td><td>1692859264667</td><td class="numi">1185</td></tr>
<tr><th colspan="5">application test cases &#8212; passed</th></tr>
<tr class="passedodd"><td>com.edubridge.test.HomePageTest</td><td><a href="#m3"><b>verifyHomepageTitle</b>  </a></td><td class="numi">1</td><td>1692859191206</td><td class="numi">4016</td></tr>
<tr class="passedeven"><td>com.edubridge.test.LoginPageTest</td><td><a href="#m4"><b>loginTest</b>  </a></td><td class="numi">1</td><td>1692859201830</td><td class="numi">6771</td></tr>
<tr class="passedodd"><td>com.edubridge.test.HomePageTest</td><td><a href="#m5"><b>verifyCorrectUsername</b>  </a></td><td class="numi">1</td><td>1692859221256</td><td class="numi">94</td></tr>
<tr class="passedeven"><td rowspan="2">com.edubridge.test.LoginPageTest</td><td><a href="#m6"><b>loginPageTitleTest</b>  </a></td><td class="numi">1</td><td>1692859226048</td><td class="numi">2448</td></tr><tr class="passedeven"><td><a href="#m7"><b>EduLogoTest</b>  </a></td><td class="numi">1</td><td>1692859252257</td><td class="numi">110</td></tr>
</table>
<h1>application test cases</h1>
<h2 id="m1">com.edubridge.test.HomePageTest:VerifyCoursePage</h2>
<div>
<div class="stacktrace">org.openqa.selenium.ElementClickInterceptedException: element click intercepted: Element &lt;span class=&quot;pr-1&quot;&gt;...&lt;/span&gt; is not clickable at point (91, 153). Other element would receive the click: &lt;div class=&quot;modal fade&quot; id=&quot;elcMemberSuccessModal&quot; tabindex=&quot;-1&quot; style=&quot;z-index: 999999999 !important; display: block;&quot; aria-labelledby=&quot;elcMemberSuccessModalLabel&quot; aria-modal=&quot;true&quot;&gt;...&lt;/div&gt;
  (Session info: chrome=116.0.5845.97)
Build info: version: &apos;3.14.0&apos;, revision: &apos;aacccce0&apos;, time: &apos;2018-08-02T20:19:58.91Z&apos;
System info: host: &apos;NTS-RUTUJATATHE&apos;, ip: &apos;192.168.0.58&apos;, os.name: &apos;Windows 11&apos;, os.arch: &apos;amd64&apos;, os.version: &apos;10.0&apos;, java.version: &apos;11.0.19&apos;
Driver info: org.openqa.selenium.chrome.ChromeDriver
Capabilities {acceptInsecureCerts: false, browserName: chrome, browserVersion: 116.0.5845.97, chrome: {chromedriverVersion: 116.0.5845.96 (1a3918166880..., userDataDir: C:\Users\NTS-RU~1\AppData\L...}, fedcm:accounts: true, goog:chromeOptions: {debuggerAddress: localhost:55221}, javascriptEnabled: true, networkConnectionEnabled: false, pageLoadStrategy: normal, platform: WINDOWS, platformName: WINDOWS, proxy: Proxy(), setWindowRect: true, strictFileInteractability: false, timeouts: {implicit: 0, pageLoad: 300000, script: 30000}, unhandledPromptBehavior: dismiss and notify, webauthn:extension:credBlob: true, webauthn:extension:largeBlob: true, webauthn:extension:minPinLength: true, webauthn:extension:prf: true, webauthn:virtualAuthenticators: true}
Session ID: 427f0a809a6e3ee856e943307ad6e26a
	at org.openqa.selenium.remote.http.W3CHttpResponseCodec.createException(W3CHttpResponseCodec.java:187)
	at org.openqa.selenium.remote.http.W3CHttpResponseCodec.decode(W3CHttpResponseCodec.java:122)
	at org.openqa.selenium.remote.http.W3CHttpResponseCodec.decode(W3CHttpResponseCodec.java:49)
	at org.openqa.selenium.remote.HttpCommandExecutor.execute(HttpCommandExecutor.java:158)
	at org.openqa.selenium.remote.service.DriverCommandExecutor.execute(DriverCommandExecutor.java:83)
	at org.openqa.selenium.remote.RemoteWebDriver.execute(RemoteWebDriver.java:548)
	at org.openqa.selenium.remote.RemoteWebElement.execute(RemoteWebElement.java:276)
	at org.openqa.selenium.remote.RemoteWebElement.click(RemoteWebElement.java:83)
	at org.openqa.selenium.support.pagefactory.internal.LocatingElementHandler.invoke(LocatingElementHandler.java:51)
	at com.sun.proxy.$Proxy13.click(Unknown Source)
	at com.edubridge.pages.HomePage.clickOnMyCoursesLink(HomePage.java:44)
	at com.edubridge.test.HomePageTest.VerifyCoursePage(HomePageTest.java:56)
	at com.intellij.rt.testng.IDEARemoteTestNG.run(IDEARemoteTestNG.java:66)
	at com.intellij.rt.testng.RemoteTestNGStarter.main(RemoteTestNGStarter.java:105)
... Removed 29 stack frames</div>
</div>
<p class="totop"><a href="#summary">back to summary</a></p>
<h2 id="m2">com.edubridge.test.HomePageTest:VerifyCalendarPage</h2>
<div>
<div class="stacktrace">org.openqa.selenium.ElementClickInterceptedException: element click intercepted: Element &lt;span&gt;...&lt;/span&gt; is not clickable at point (91, 326). Other element would receive the click: &lt;div class=&quot;modal fade show&quot; id=&quot;elcMemberSuccessModal&quot; tabindex=&quot;-1&quot; style=&quot;z-index: 999999999 !important; display: block;&quot; aria-labelledby=&quot;elcMemberSuccessModalLabel&quot; aria-modal=&quot;true&quot;&gt;...&lt;/div&gt;
  (Session info: chrome=116.0.5845.97)
Build info: version: &apos;3.14.0&apos;, revision: &apos;aacccce0&apos;, time: &apos;2018-08-02T20:19:58.91Z&apos;
System info: host: &apos;NTS-RUTUJATATHE&apos;, ip: &apos;192.168.0.58&apos;, os.name: &apos;Windows 11&apos;, os.arch: &apos;amd64&apos;, os.version: &apos;10.0&apos;, java.version: &apos;11.0.19&apos;
Driver info: org.openqa.selenium.chrome.ChromeDriver
Capabilities {acceptInsecureCerts: false, browserName: chrome, browserVersion: 116.0.5845.97, chrome: {chromedriverVersion: 116.0.5845.96 (1a3918166880..., userDataDir: C:\Users\NTS-RU~1\AppData\L...}, fedcm:accounts: true, goog:chromeOptions: {debuggerAddress: localhost:55044}, javascriptEnabled: true, networkConnectionEnabled: false, pageLoadStrategy: normal, platform: WINDOWS, platformName: WINDOWS, proxy: Proxy(), setWindowRect: true, strictFileInteractability: false, timeouts: {implicit: 0, pageLoad: 300000, script: 30000}, unhandledPromptBehavior: dismiss and notify, webauthn:extension:credBlob: true, webauthn:extension:largeBlob: true, webauthn:extension:minPinLength: true, webauthn:extension:prf: true, webauthn:virtualAuthenticators: true}
Session ID: 8bd9bfa42d510ed3176b6d4c66f8cc52
	at org.openqa.selenium.remote.http.W3CHttpResponseCodec.createException(W3CHttpResponseCodec.java:187)
	at org.openqa.selenium.remote.http.W3CHttpResponseCodec.decode(W3CHttpResponseCodec.java:122)
	at org.openqa.selenium.remote.http.W3CHttpResponseCodec.decode(W3CHttpResponseCodec.java:49)
	at org.openqa.selenium.remote.HttpCommandExecutor.execute(HttpCommandExecutor.java:158)
	at org.openqa.selenium.remote.service.DriverCommandExecutor.execute(DriverCommandExecutor.java:83)
	at org.openqa.selenium.remote.RemoteWebDriver.execute(RemoteWebDriver.java:548)
	at org.openqa.selenium.remote.RemoteWebElement.execute(RemoteWebElement.java:276)
	at org.openqa.selenium.remote.RemoteWebElement.click(RemoteWebElement.java:83)
	at org.openqa.selenium.support.pagefactory.internal.LocatingElementHandler.invoke(LocatingElementHandler.java:51)
	at com.sun.proxy.$Proxy13.click(Unknown Source)
	at com.edubridge.pages.HomePage.clickOnCalendarLink(HomePage.java:35)
	at com.edubridge.test.HomePageTest.VerifyCalendarPage(HomePageTest.java:52)
	at com.intellij.rt.testng.IDEARemoteTestNG.run(IDEARemoteTestNG.java:66)
	at com.intellij.rt.testng.RemoteTestNGStarter.main(RemoteTestNGStarter.java:105)
... Removed 30 stack frames</div>
</div>
<p class="totop"><a href="#summary">back to summary</a></p>
<h2 id="m3">com.edubridge.test.LoginPageTest:EduLogoTest</h2>
<p class="totop"><a href="#summary">back to summary</a></p>
<h2 id="m4">com.edubridge.test.HomePageTest:verifyHomepageTitle</h2>
<p class="totop"><a href="#summary">back to summary</a></p>
<h2 id="m5">com.edubridge.test.HomePageTest:verifyCorrectUsername</h2>
<p class="totop"><a href="#summary">back to summary</a></p>
<h2 id="m6">com.edubridge.test.LoginPageTest:loginPageTitleTest</h2>
<p class="totop"><a href="#summary">back to summary</a></p>
<h2 id="m7">com.edubridge.test.LoginPageTest:loginTest</h2>
<p class="totop"><a href="#summary">back to summary</a></p>
</body></html>
